2017/06/18 17:06:33 INFO  - jmeter.util.JMeterUtils: Setting Locale to en_US 
2017/06/18 17:06:33 INFO  - jmeter.JMeter: Loading user properties from: /Users/adwivedi/Desktop/framework/target/jmeter/bin/user.properties 
2017/06/18 17:06:33 INFO  - jmeter.JMeter: Loading system properties from: /Users/adwivedi/Desktop/framework/target/jmeter/bin/system.properties 
2017/06/18 17:06:33 INFO  - jmeter.JMeter: Copyright (c) 1998-2012 The Apache Software Foundation 
2017/06/18 17:06:33 INFO  - jmeter.JMeter: Version 2.6 r1237317 
2017/06/18 17:06:33 INFO  - jmeter.JMeter: java.version=1.8.0_112 
2017/06/18 17:06:33 INFO  - jmeter.JMeter: java.vm.name=Java HotSpot(TM) 64-Bit Server VM 
2017/06/18 17:06:33 INFO  - jmeter.JMeter: os.name=Mac OS X 
2017/06/18 17:06:33 INFO  - jmeter.JMeter: os.arch=x86_64 
2017/06/18 17:06:33 INFO  - jmeter.JMeter: os.version=10.11.6 
2017/06/18 17:06:33 INFO  - jmeter.JMeter: file.encoding=UTF-8 
2017/06/18 17:06:33 INFO  - jmeter.JMeter: Default Locale=English (United States) 
2017/06/18 17:06:33 INFO  - jmeter.JMeter: JMeter  Locale=English (United States) 
2017/06/18 17:06:33 INFO  - jmeter.JMeter: JMeterHome=/Users/adwivedi/Desktop/framework/target/jmeter 
2017/06/18 17:06:33 INFO  - jmeter.JMeter: user.dir  =/Users/adwivedi/Desktop/framework/target/jmeter/bin 
2017/06/18 17:06:33 INFO  - jmeter.JMeter: PWD       =/Users/adwivedi/Desktop/framework/target/jmeter/bin 
2017/06/18 17:06:33 INFO  - jmeter.JMeter: IP: 192.168.0.2 Name: Aishwaryas-MacBook-Pro.local FullName: 192.168.0.2 
2017/06/18 17:06:33 INFO  - jmeter.services.FileServer: Default base='/Users/adwivedi/Desktop/framework/target/jmeter/bin' 
2017/06/18 17:06:33 INFO  - jmeter.services.FileServer: Set new base='/Users/adwivedi/Desktop/framework/src/test/jmeter/testplans' 
2017/06/18 17:06:33 INFO  - jmeter.JMeter: Loading file: /Users/adwivedi/Desktop/framework/src/test/jmeter/testplans/jmeter-maven.jmx 
2017/06/18 17:06:33 INFO  - jmeter.save.SaveService: Testplan (JMX) version: 2.2. Testlog (JTL) version: 2.2 
2017/06/18 17:06:33 INFO  - jmeter.save.SaveService: Using SaveService properties file encoding UTF-8 
2017/06/18 17:06:33 INFO  - jmeter.save.SaveService: Using SaveService properties file version 1234216 
2017/06/18 17:06:33 INFO  - jmeter.save.SaveService: Using SaveService properties version 2.2 
2017/06/18 17:06:33 INFO  - jmeter.save.SaveService: All converter versions present and correct 
2017/06/18 17:06:34 INFO  - jmeter.protocol.http.sampler.HTTPSamplerBase: Cannot find .className property for htmlParser, using default 
2017/06/18 17:06:34 INFO  - jmeter.protocol.http.sampler.HTTPSamplerBase: Parser for text/html is  
2017/06/18 17:06:34 INFO  - jmeter.protocol.http.sampler.HTTPSamplerBase: Parser for application/xhtml+xml is  
2017/06/18 17:06:34 INFO  - jmeter.protocol.http.sampler.HTTPSamplerBase: Parser for application/xml is  
2017/06/18 17:06:34 INFO  - jmeter.protocol.http.sampler.HTTPSamplerBase: Parser for text/xml is  
2017/06/18 17:06:34 INFO  - jmeter.protocol.http.sampler.HTTPSamplerBase: Parser for text/vnd.wap.wml is org.apache.jmeter.protocol.http.parser.RegexpHTMLParser 
2017/06/18 17:06:34 INFO  - jmeter.protocol.http.sampler.HTTPSamplerBase: Reuse SSL session context on subsequent iterations: true 
2017/06/18 17:06:34 INFO  - jmeter.protocol.http.control.CookieManager: Settings: Delete null: true Check: true Allow variable: true Save: false Prefix: COOKIE_ 
2017/06/18 17:06:34 INFO  - jmeter.engine.StandardJMeterEngine: Running the test! 
2017/06/18 17:06:34 INFO  - jmeter.engine.util.CompoundVariable: Note: Function class names must contain the string: '.functions.' 
2017/06/18 17:06:34 INFO  - jmeter.engine.util.CompoundVariable: Note: Function class names must not contain the string: '.gui.' 
2017/06/18 17:06:34 INFO  - jmeter.JMeter: Running test (1497785794509) 
2017/06/18 17:06:34 INFO  - jmeter.engine.StandardJMeterEngine: Starting 1 threads for group ExecutionEngine. 
2017/06/18 17:06:34 INFO  - jmeter.engine.StandardJMeterEngine: Thread will continue on error 
2017/06/18 17:06:34 INFO  - jmeter.threads.JMeterThread: jmeterthread.startearlier=true (see jmeter.properties) 
2017/06/18 17:06:34 INFO  - jmeter.threads.JMeterThread: Running PostProcessors in forward order 
2017/06/18 17:06:34 INFO  - jmeter.engine.StandardJMeterEngine: All threads have been started 
2017/06/18 17:06:35 INFO  - jmeter.samplers.SampleResult: Note: Sample TimeStamps are START times 
2017/06/18 17:06:35 INFO  - jmeter.samplers.SampleResult: sampleresult.default.encoding is set to ISO-8859-1 
2017/06/18 17:06:35 INFO  - jmeter.samplers.SampleResult: sampleresult.useNanoTime=true 
2017/06/18 17:06:35 INFO  - jmeter.samplers.SampleResult: sampleresult.nanoThreadSleep=5000 
2017/06/18 17:06:35 INFO  - jmeter.threads.JMeterThread: Thread started: ExecutionEngine 1-1 
2017/06/18 17:06:35 INFO  - jmeter.services.FileServer: Stored: ../../resources/testsuites/smoketest.csv Alias: ../../resources/testsuites/smoketest.csv@shareMode.all 
2017/06/18 17:06:35 INFO  - jmeter.protocol.http.sampler.HTTPJavaImpl: Maximum connection retries = 10 
2017/06/18 17:06:35 INFO  - jmeter.util.JsseSSLManager: Using default SSL protocol: TLS 
2017/06/18 17:06:35 INFO  - jmeter.util.JsseSSLManager: SSL session context: per-thread 
2017/06/18 17:06:35 INFO  - jmeter.util.SSLManager: JmeterKeyStore Location:  type JKS 
2017/06/18 17:06:35 INFO  - jmeter.util.SSLManager: KeyStore created OK 
2017/06/18 17:06:35 WARN  - jmeter.util.SSLManager: Keystore file not found, loading empty keystore 
2017/06/18 17:06:44 INFO  - jmeter.threads.JMeterThread: Thread finished: ExecutionEngine 1-1 
2017/06/18 17:06:44 INFO  - jmeter.engine.StandardJMeterEngine: Ending thread ExecutionEngine 1-1 
2017/06/18 17:06:44 INFO  - jmeter.engine.StandardJMeterEngine: Notifying test listeners of end of test 
2017/06/18 17:06:44 INFO  - jmeter.services.FileServer: Close: ../../resources/testsuites/smoketest.csv@shareMode.all 
2017/06/18 17:06:44 INFO  - jmeter.engine.StandardJMeterEngine: Test has ended on host null 
